SF:lib\models\transaction.dart
DA:8,1
DA:12,2
DA:14,0
DA:15,0
DA:16,0
DA:17,0
DA:19,0
DA:20,0
DA:21,0
DA:22,0
DA:25,0
DA:27,0
LF:12
LH:2
end_of_record
SF:lib\components\centered_message.dart
DA:9,0
DA:16,0
DA:18,0
DA:19,0
DA:22,0
DA:23,0
DA:24,0
DA:25,0
DA:26,0
DA:28,0
DA:30,0
DA:32,0
DA:33,0
DA:34,0
LF:14
LH:0
end_of_record
SF:lib\components\progress.dart
DA:6,0
DA:10,0
DA:12,0
DA:13,0
DA:16,0
DA:17,0
DA:18,0
DA:20,0
LF:8
LH:0
end_of_record
SF:lib\components\response_dialog.dart
DA:10,0
DA:18,0
DA:20,0
DA:21,0
DA:22,0
DA:23,0
DA:25,0
DA:29,0
DA:30,0
DA:31,0
DA:33,0
DA:34,0
DA:36,0
DA:39,0
DA:41,0
DA:42,0
DA:44,0
DA:45,0
DA:47,0
DA:52,0
DA:56,0
DA:57,0
DA:58,0
DA:59,0
DA:71,0
DA:77,0
DA:79,0
DA:80,0
DA:81,0
DA:82,0
DA:93,0
DA:99,0
DA:101,0
DA:102,0
DA:103,0
DA:104,0
LF:36
LH:0
end_of_record
SF:lib\components\transaction_auth_dialog.dart
DA:6,0
DA:10,0
DA:11,0
DA:18,0
DA:20,0
DA:21,0
DA:22,0
DA:23,0
DA:26,0
DA:29,0
DA:31,0
DA:32,0
DA:33,0
DA:34,0
DA:36,0
DA:37,0
DA:38,0
DA:39,0
DA:41,0
LF:19
LH:0
end_of_record
SF:lib\database\app_database.dart
DA:5,0
DA:6,0
DA:7,0
DA:9,0
DA:10,0
LF:5
LH:0
end_of_record
SF:lib\database\dao\contact_dao.dart
DA:16,0
DA:17,0
DA:18,0
DA:19,0
DA:22,0
DA:23,0
DA:24,0
DA:25,0
DA:29,0
DA:30,0
DA:31,0
DA:32,0
DA:36,0
DA:37,0
DA:38,0
DA:39,0
DA:40,0
DA:41,0
DA:42,0
DA:44,0
LF:20
LH:0
end_of_record
SF:lib\models\contact.dart
DA:6,1
DA:12,0
DA:14,0
DA:17,0
DA:18,0
DA:19,0
DA:20,0
DA:22,0
DA:23,0
DA:24,0
DA:25,0
LF:11
LH:1
end_of_record
SF:lib\http\interceptors\logging_interceptor.dart
DA:5,0
DA:6,0
DA:7,0
DA:8,0
DA:9,0
DA:14,0
DA:15,0
DA:16,0
DA:17,0
DA:18,0
LF:10
LH:0
end_of_record
SF:lib\http\webclient.dart
DA:6,0
DA:13,0
LF:2
LH:0
end_of_record
SF:lib\http\webclients\transaction_webclient.dart
DA:8,0
DA:9,0
DA:10,0
DA:12,0
DA:13,0
DA:16,0
DA:17,0
DA:19,0
DA:21,0
DA:22,0
DA:28,0
DA:29,0
DA:32,0
DA:35,0
DA:36,0
DA:37,0
DA:42,0
DA:52,0
LF:18
LH:0
end_of_record
SF:lib\screens\contact_form.dart
DA:7,1
DA:8,1
DA:9,2
DA:17,1
DA:19,1
DA:21,1
DA:22,1
DA:23,1
DA:25,1
DA:27,1
DA:28,1
DA:29,1
DA:30,1
DA:31,1
DA:34,1
DA:38,1
DA:40,1
DA:41,1
DA:42,1
DA:45,1
DA:51,1
DA:53,1
DA:55,1
DA:56,1
DA:57,1
DA:58,2
DA:59,3
DA:60,1
DA:61,3
DA:62,1
LF:30
LH:30
end_of_record
SF:lib\screens\contacts_list.dart
DA:10,1
DA:12,1
DA:13,2
DA:19,1
DA:21,1
DA:23,1
DA:24,1
DA:25,1
DA:27,1
DA:28,1
DA:29,2
DA:30,1
DA:31,1
DA:32,1
DA:34,0
DA:35,0
DA:37,0
DA:39,0
DA:40,0
DA:41,0
DA:42,0
DA:43,0
DA:44,0
DA:46,0
DA:47,0
DA:48,0
DA:49,0
DA:55,0
DA:59,1
DA:62,1
DA:63,1
DA:64,1
DA:65,1
DA:66,1
DA:67,2
DA:68,1
DA:72,4
DA:74,1
DA:86,0
DA:91,0
DA:93,0
DA:94,0
DA:95,0
DA:96,0
DA:97,0
DA:98,0
DA:102,0
DA:103,0
DA:104,0
LF:49
LH:24
end_of_record
SF:lib\screens\transaction_form.dart
DA:15,0
DA:17,0
DA:18,0
DA:27,0
DA:29,0
DA:30,0
DA:31,0
DA:33,0
DA:34,0
DA:36,0
DA:38,0
DA:39,0
DA:40,0
DA:42,0
DA:46,0
DA:48,0
DA:49,0
DA:50,0
DA:54,0
DA:56,0
DA:57,0
DA:58,0
DA:64,0
DA:66,0
DA:67,0
DA:68,0
DA:69,0
DA:70,0
DA:73,0
DA:75,0
DA:77,0
DA:78,0
DA:79,0
DA:81,0
DA:82,0
DA:83,0
DA:85,0
DA:87,0
DA:89,0
DA:90,0
DA:91,0
DA:92,0
DA:107,0
DA:112,0
DA:117,0
DA:120,0
DA:123,0
DA:125,0
DA:126,0
DA:128,0
DA:132,0
DA:134,0
DA:135,0
DA:138,0
DA:139,0
DA:140,0
DA:141,0
DA:143,0
DA:144,0
DA:145,0
DA:146,0
DA:147,0
DA:153,0
DA:157,0
DA:159,0
DA:160,0
LF:66
LH:0
end_of_record
SF:lib\screens\dashboard.dart
DA:8,2
DA:10,2
DA:12,2
DA:13,2
DA:14,2
DA:16,2
DA:17,2
DA:20,2
DA:21,2
DA:23,2
DA:25,2
DA:27,2
DA:29,2
DA:30,2
DA:33,2
DA:35,2
DA:38,0
DA:49,1
DA:50,2
DA:51,1
DA:52,3
DA:57,0
DA:58,0
DA:59,0
DA:60,0
DA:71,2
DA:77,2
DA:79,2
DA:81,2
DA:82,4
DA:83,2
DA:84,3
DA:85,2
DA:86,2
DA:88,2
DA:91,2
DA:92,2
DA:93,2
DA:97,2
DA:98,2
DA:99,2
LF:41
LH:36
end_of_record
SF:lib\screens\transactions_list.dart
DA:11,0
DA:13,0
DA:14,0
DA:15,0
DA:17,0
DA:18,0
DA:19,0
DA:20,0
DA:21,0
DA:23,0
DA:24,0
DA:26,0
DA:28,0
DA:29,0
DA:30,0
DA:31,0
DA:32,0
DA:33,0
DA:34,0
DA:35,0
DA:36,0
DA:37,0
DA:38,0
DA:39,0
DA:40,0
DA:45,0
DA:46,0
DA:47,0
DA:54,0
DA:58,0
DA:65,0
LF:31
LH:0
end_of_record
SF:lib\main.dart
DA:6,0
DA:7,0
DA:12,1
DA:14,1
DA:16,1
DA:17,1
DA:18,1
DA:19,1
DA:20,1
DA:21,1
DA:25,2
LF:11
LH:9
end_of_record
